Python       : 3.8.5 (default, Jul 28 2020, 12:59:40) 
Numpy        : 1.18.5
Tensorflow   : 2.4.0
Keras        : 2.4.0
1 Physical GPUs, 1 Logical GPUs
Found 12452 images belonging to 10 classes.
Found 3109 images belonging to 10 classes.
Epoch 1/5
1556/1556 - 161s - loss: 1.7006 - accuracy: 0.4139 - val_loss: 1.1271 - val_accuracy: 0.6002

Epoch 00001: saving model to /home/alex/Car_Classification/model/step1-01-1.1271.hdf5
Epoch 2/5
1556/1556 - 151s - loss: 1.4271 - accuracy: 0.4899 - val_loss: 1.0220 - val_accuracy: 0.6430

Epoch 00002: saving model to /home/alex/Car_Classification/model/step1-02-1.0220.hdf5
Epoch 3/5
1556/1556 - 151s - loss: 1.3754 - accuracy: 0.5112 - val_loss: 1.0064 - val_accuracy: 0.6302

Epoch 00003: saving model to /home/alex/Car_Classification/model/step1-03-1.0064.hdf5
Epoch 4/5
1556/1556 - 151s - loss: 1.3145 - accuracy: 0.5286 - val_loss: 0.9462 - val_accuracy: 0.6611

Epoch 00004: saving model to /home/alex/Car_Classification/model/step1-04-0.9462.hdf5
Epoch 5/5
1556/1556 - 151s - loss: 1.3033 - accuracy: 0.5384 - val_loss: 0.9751 - val_accuracy: 0.6450

Epoch 00005: saving model to /home/alex/Car_Classification/model/step1-05-0.9751.hdf5
389/389 - 30s - loss: 0.9943 - accuracy: 0.6478
Accuracy step1: 64.78%
Input name of weights fileEpoch 1/5
1556/1556 - 162s - loss: 1.0698 - accuracy: 0.6273 - val_loss: 0.3961 - val_accuracy: 0.8589

Epoch 00001: saving model to /home/alex/Car_Classification/model/step2-01-0.3961.hdf5
Epoch 2/5
1556/1556 - 152s - loss: 0.5819 - accuracy: 0.7928 - val_loss: 0.2728 - val_accuracy: 0.9021

Epoch 00002: saving model to /home/alex/Car_Classification/model/step2-02-0.2728.hdf5
Epoch 3/5
1556/1556 - 152s - loss: 0.4555 - accuracy: 0.8406 - val_loss: 0.2290 - val_accuracy: 0.9201

Epoch 00003: saving model to /home/alex/Car_Classification/model/step2-03-0.2290.hdf5
Epoch 4/5
1556/1556 - 152s - loss: 0.3689 - accuracy: 0.8709 - val_loss: 0.2182 - val_accuracy: 0.9246

Epoch 00004: saving model to /home/alex/Car_Classification/model/step2-04-0.2182.hdf5
Epoch 5/5
1556/1556 - 152s - loss: 0.3176 - accuracy: 0.8854 - val_loss: 0.2013 - val_accuracy: 0.9294

Epoch 00005: saving model to /home/alex/Car_Classification/model/step2-05-0.2013.hdf5
389/389 - 30s - loss: 0.2075 - accuracy: 0.9286
Accuracy step2: 92.86%
Input name of weights file